INFO:app.main:Database connected successfully.
Traceback (most recent call last):
  File "/home/yash/Documents/Projects/Civic-Connect/backend/venv/lib/python3.12/site-packages/sqlalchemy/engine/base.py", line 2116, in _exec_insertmany_context
    dialect.do_execute(
  File "/home/yash/Documents/Projects/Civic-Connect/backend/venv/lib/python3.12/site-packages/sqlalchemy/engine/default.py", line 924, in do_execute
    cursor.execute(statement, parameters)
psycopg2.errors.NotNullViolation: null value in column "phone_number" of relation "users" violates not-null constraint
DETAIL:  Failing row contains (6e924152-ae59-4c65-914c-b51b7cd67af0, Aarav Sharma, aarav@example.com, null, $2b$12$MFvFxjHcgWH6UGPXYElJceN5Sto7nsRbpyneZG3CKBNz6kl.wiLXu, CITIZEN, t, 2026-07-17 12:17:17.714233+00, null, null, 3450, 10, first_complaint,complaint_warrior,civic_champion,city_guardian,v..., 0, 0, 12, null).


The above exception was the direct cause of the following exception:

Traceback (most recent call last):
  File "/home/yash/Documents/Projects/Civic-Connect/backend/seed_gamification.py", line 90, in seed_gamification_data
    db.commit()
  File "/home/yash/Documents/Projects/Civic-Connect/backend/venv/lib/python3.12/site-packages/sqlalchemy/orm/session.py", line 2017, in commit
    trans.commit(_to_root=True)
  File "<string>", line 2, in commit
  File "/home/yash/Documents/Projects/Civic-Connect/backend/venv/lib/python3.12/site-packages/sqlalchemy/orm/state_changes.py", line 139, in _go
    ret_value = fn(self, *arg, **kw)
                ^^^^^^^^^^^^^^^^^^^^
  File "/home/yash/Documents/Projects/Civic-Connect/backend/venv/lib/python3.12/site-packages/sqlalchemy/orm/session.py", line 1302, in commit
    self._prepare_impl()
  File "<string>", line 2, in _prepare_impl
  File "/home/yash/Documents/Projects/Civic-Connect/backend/venv/lib/python3.12/site-packages/sqlalchemy/orm/state_changes.py", line 139, in _go
    ret_value = fn(self, *arg, **kw)
                ^^^^^^^^^^^^^^^^^^^^
  File "/home/yash/Documents/Projects/Civic-Connect/backend/venv/lib/python3.12/site-packages/sqlalchemy/orm/session.py", line 1277, in _prepare_impl
    self.session.flush()
  File "/home/yash/Documents/Projects/Civic-Connect/backend/venv/lib/python3.12/site-packages/sqlalchemy/orm/session.py", line 4341, in flush
    self._flush(objects)
  File "/home/yash/Documents/Projects/Civic-Connect/backend/venv/lib/python3.12/site-packages/sqlalchemy/orm/session.py", line 4476, in _flush
    with util.safe_reraise():
  File "/home/yash/Documents/Projects/Civic-Connect/backend/venv/lib/python3.12/site-packages/sqlalchemy/util/langhelpers.py", line 146, in __exit__
    raise exc_value.with_traceback(exc_tb)
  File "/home/yash/Documents/Projects/Civic-Connect/backend/venv/lib/python3.12/site-packages/sqlalchemy/orm/session.py", line 4437, in _flush
    flush_context.execute()
  File "/home/yash/Documents/Projects/Civic-Connect/backend/venv/lib/python3.12/site-packages/sqlalchemy/orm/unitofwork.py", line 466, in execute
    rec.execute(self)
  File "/home/yash/Documents/Projects/Civic-Connect/backend/venv/lib/python3.12/site-packages/sqlalchemy/orm/unitofwork.py", line 642, in execute
    util.preloaded.orm_persistence.save_obj(
  File "/home/yash/Documents/Projects/Civic-Connect/backend/venv/lib/python3.12/site-packages/sqlalchemy/orm/persistence.py", line 93, in save_obj
    _emit_insert_statements(
  File "/home/yash/Documents/Projects/Civic-Connect/backend/venv/lib/python3.12/site-packages/sqlalchemy/orm/persistence.py", line 1143, in _emit_insert_statements
    result = connection.execute(
             ^^^^^^^^^^^^^^^^^^^
  File "/home/yash/Documents/Projects/Civic-Connect/backend/venv/lib/python3.12/site-packages/sqlalchemy/engine/base.py", line 1418, in execute
    return meth(
           ^^^^^
  File "/home/yash/Documents/Projects/Civic-Connect/backend/venv/lib/python3.12/site-packages/sqlalchemy/sql/elements.py", line 515, in _execute_on_connection
    return connection._execute_clauseelement(
           ^^^^^^^^^^^^^^^^^^^^^^^^^^^^^^^^^^
  File "/home/yash/Documents/Projects/Civic-Connect/backend/venv/lib/python3.12/site-packages/sqlalchemy/engine/base.py", line 1640, in _execute_clauseelement
    ret = self._execute_context(
          ^^^^^^^^^^^^^^^^^^^^^^
  File "/home/yash/Documents/Projects/Civic-Connect/backend/venv/lib/python3.12/site-packages/sqlalchemy/engine/base.py", line 1844, in _execute_context
    return self._exec_insertmany_context(dialect, context)
           ^^^^^^^^^^^^^^^^^^^^^^^^^^^^^^^^^^^^^^^^^^^^^^^
  File "/home/yash/Documents/Projects/Civic-Connect/backend/venv/lib/python3.12/site-packages/sqlalchemy/engine/base.py", line 2124, in _exec_insertmany_context
    self._handle_dbapi_exception(
  File "/home/yash/Documents/Projects/Civic-Connect/backend/venv/lib/python3.12/site-packages/sqlalchemy/engine/base.py", line 2353, in _handle_dbapi_exception
    raise sqlalchemy_exception.with_traceback(exc_info[2]) from e
  File "/home/yash/Documents/Projects/Civic-Connect/backend/venv/lib/python3.12/site-packages/sqlalchemy/engine/base.py", line 2116, in _exec_insertmany_context
    dialect.do_execute(
  File "/home/yash/Documents/Projects/Civic-Connect/backend/venv/lib/python3.12/site-packages/sqlalchemy/engine/default.py", line 924, in do_execute
    cursor.execute(statement, parameters)
sqlalchemy.exc.IntegrityError: (psycopg2.errors.NotNullViolation) null value in column "phone_number" of relation "users" violates not-null constraint
DETAIL:  Failing row contains (6e924152-ae59-4c65-914c-b51b7cd67af0, Aarav Sharma, aarav@example.com, null, $2b$12$MFvFxjHcgWH6UGPXYElJceN5Sto7nsRbpyneZG3CKBNz6kl.wiLXu, CITIZEN, t, 2026-07-17 12:17:17.714233+00, null, null, 3450, 10, first_complaint,complaint_warrior,civic_champion,city_guardian,v..., 0, 0, 12, null).

[SQL: INSERT INTO users (id, full_name, email, phone_number, password_hash, role, department, is_active, points, level, badges, complaints_submitted, complaints_verified, streak_days, last_active_date, updated_at) VALUES (%(id__0)s, %(full_name__0)s, %(ema ... 1415 characters truncated ... %(streak_days__4)s, %(last_active_date__4)s, %(updated_at__4)s) RETURNING users.created_at, users.id]
[parameters: {'badges__0': 'first_complaint,complaint_warrior,civic_champion,city_guardian,verified_reporter', 'streak_days__0': 12, 'full_name__0': 'Aarav Sharma', 'updated_at__0': None, 'phone_number__0': None, 'email__0': 'aarav@example.com', 'password_hash__0': '$2b$12$MFvFxjHcgWH6UGPXYElJceN5Sto7nsRbpyneZG3CKBNz6kl.wiLXu', 'complaints_submitted__0': 0, 'id__0': '6e924152-ae59-4c65-914c-b51b7cd67af0', 'last_active_date__0': None, 'role__0': 'CITIZEN', 'department__0': None, 'is_active__0': True, 'level__0': 10, 'complaints_verified__0': 0, 'points__0': 3450, 'badges__1': 'first_complaint,complaint_warrior,civic_champion,streak_master', 'streak_days__1': 5, 'full_name__1': 'Priya Patel', 'updated_at__1': None, 'phone_number__1': None, 'email__1': 'priya@example.com', 'password_hash__1': '$2b$12$s8s9zlf0iofa.qUdLPTJjeyeYlqL6oIB1IEronfVtXZpfHX6YiM8i', 'complaints_submitted__1': 0, 'id__1': 'f3425fcb-b04e-4220-a13f-4cc3f8e18429', 'last_active_date__1': None, 'role__1': 'CITIZEN', 'department__1': None, 'is_active__1': True, 'level__1': 9, 'complaints_verified__1': 0, 'points__1': 2800, 'badges__2': 'first_complaint,complaint_warrior,department_expert', 'streak_days__2': 2, 'full_name__2': 'Rahul Verma', 'updated_at__2': None, 'phone_number__2': None, 'email__2': 'rahul@example.com', 'password_hash__2': '$2b$12$CIcmTLUaqFtye9CSqC9fbeGU274H91Rd/8UZ1AHAJ8ARANTId0iBS', 'complaints_submitted__2': 0, 'id__2': '384c3210-97f6-4283-8d1a-2e5f3d5f95a4', 'last_active_date__2': None, 'role__2': 'CITIZEN', 'department__2': None, 'is_active__2': True, 'level__2': 8, 'complaints_verified__2': 0, 'points__2': 1950, 'badges__3': 'first_complaint,complaint_warrior', 'streak_days__3': 1, 'full_name__3': 'Ananya Singh', 'updated_at__3': None, 'phone_number__3': None, 'email__3': 'ananya@example.com', 'password_hash__3': '$2b$12$k2CWGuROxOtzHzwMrHCHBuxjB.VV0Wg9Kf5UQ7EQg8whJhZc0dZG2', 'complaints_submitted__3': 0, 'id__3': '8c6749f3-7d18-440a-9851-f03e5a28a3dd', 'last_active_date__3': None, 'role__3': 'CITIZEN', 'department__3': None, 'is_active__3': True, 'level__3': 7, 'complaints_verified__3': 0, 'points__3': 1200, 'badges__4': 'first_complaint,priority_hunter', 'streak_days__4': 8, 'full_name__4': 'Vikram Gupta', 'updated_at__4': None, 'phone_number__4': None, 'email__4': 'vikram@example.com', 'password_hash__4': '$2b$12$8oPC8LGOZHrVBbYrhMuxJO0ScH17k/FjQBmj8SdTQiUO2gioaEi2K', 'complaints_submitted__4': 0, 'id__4': 'e7522270-e90d-4d26-8add-d78f40276279', 'last_active_date__4': None, 'role__4': 'CITIZEN', 'department__4': None, 'is_active__4': True, 'level__4': 5, 'complaints_verified__4': 0, 'points__4': 650}]
(Background on this error at: https://sqlalche.me/e/20/gkpj)
Created Aarav Sharma
Created Priya Patel
Created Rahul Verma
Created Ananya Singh
Created Vikram Gupta
Error seeding database:
